[Licensing::Module] Trying to connect to existing licensing client channel...
Built from '6000.4/staging' branch; Version is '6000.4.5f1 (cc83ebd631f8) revision 13403115'; Using compiler version '194234433'; Build Type 'Release'
OS: 'Windows 11  (10.0.26200) Core' Language: 'ko' Physical Memory: 32257 MB
[Licensing::IpcConnector] Successfully connected to: "LicenseClient-user" at "2026-06-09T03:58:27.5017999Z"
BatchMode: 1, IsHumanControllingUs: 0, StartBugReporterOnCrash: 0, Is64bit: 1
System  architecture: x64
Process architecture: x64
Date: 2026-06-09T03:58:27Z

COMMAND LINE ARGUMENTS:
C:\Program Files\Unity\Hub\Editor\6000.4.5f1\Editor\Unity.exe
-batchmode
-quit
-projectPath
C:\Users\user\GameProject\Malatro
-executeMethod
Malatro.EditorTools.MalatroEditableSceneUiBuilder.EnsureReusableUiPrefabs
-logFile
C:\Users\user\GameProject\Malatro\ReusableUiPrefabBuild.log
Successfully changed project path to: C:\Users\user\GameProject\Malatro
C:/Users/user/GameProject/Malatro
Exiting without the bug reporter. Application will terminate with return code 1